Line 181: Class MSComctlLib.ListView of control lstPlayers was not a loaded control class.
Line 229: Class MSComctlLib.ListView of control lstPlayers was not a loaded control class.
Line 272: Class MSComctlLib.ListView of control lstPlayers was not a loaded control class.
Line 324: Class MSComctlLib.TabStrip of control tabLists was not a loaded control class.
Line 189: The property name _ExtentX in lstPlayers is invalid.
Line 190: The property name _ExtentY in lstPlayers is invalid.
Line 191: The property name View in lstPlayers is invalid.
Line 192: The property name LabelEdit in lstPlayers is invalid.
Line 193: The property name LabelWrap in lstPlayers is invalid.
Line 194: The property name HideSelection in lstPlayers is invalid.
Line 195: The property name AllowReorder in lstPlayers is invalid.
Line 196: The property name FullRowSelect in lstPlayers is invalid.
Line 197: The property name GridLines in lstPlayers is invalid.
Line 198: The property name _Version in lstPlayers is invalid.
Line 203: The property name NumItems in lstPlayers is invalid.
Line 207: The property name ColumnHeader(1) in lstPlayers is invalid.
Line 212: The property name ColumnHeader(2) in lstPlayers is invalid.
Line 217: The property name ColumnHeader(3) in lstPlayers is invalid.
Line 222: The property name ColumnHeader(4) in lstPlayers is invalid.
Line 227: The property name ColumnHeader(5) in lstPlayers is invalid.
Line 237: The property name _ExtentX in lstPlayers is invalid.
Line 238: The property name _ExtentY in lstPlayers is invalid.
Line 239: The property name View in lstPlayers is invalid.
Line 240: The property name LabelEdit in lstPlayers is invalid.
Line 241: The property name LabelWrap in lstPlayers is invalid.
Line 242: The property name HideSelection in lstPlayers is invalid.
Line 243: The property name AllowReorder in lstPlayers is invalid.
Line 244: The property name FullRowSelect in lstPlayers is invalid.
Line 245: The property name GridLines in lstPlayers is invalid.
Line 246: The property name _Version in lstPlayers is invalid.
Line 251: The property name NumItems in lstPlayers is invalid.
Line 255: The property name ColumnHeader(1) in lstPlayers is invalid.
Line 260: The property name ColumnHeader(2) in lstPlayers is invalid.
Line 265: The property name ColumnHeader(3) in lstPlayers is invalid.
Line 270: The property name ColumnHeader(4) in lstPlayers is invalid.
Line 279: The property name _ExtentX in lstPlayers is invalid.
Line 280: The property name _ExtentY in lstPlayers is invalid.
Line 281: The property name View in lstPlayers is invalid.
Line 282: The property name LabelEdit in lstPlayers is invalid.
Line 283: The property name LabelWrap in lstPlayers is invalid.
Line 284: The property name HideSelection in lstPlayers is invalid.
Line 285: The property name AllowReorder in lstPlayers is invalid.
Line 286: The property name FullRowSelect in lstPlayers is invalid.
Line 287: The property name GridLines in lstPlayers is invalid.
Line 288: The property name _Version in lstPlayers is invalid.
Line 293: The property name NumItems in lstPlayers is invalid.
Line 297: The property name ColumnHeader(1) in lstPlayers is invalid.
Line 302: The property name ColumnHeader(2) in lstPlayers is invalid.
Line 307: The property name ColumnHeader(3) in lstPlayers is invalid.
Line 312: The property name ColumnHeader(4) in lstPlayers is invalid.
Line 317: The property name ColumnHeader(5) in lstPlayers is invalid.
Line 322: The property name ColumnHeader(6) in lstPlayers is invalid.
Line 330: The property name _ExtentX in tabLists is invalid.
Line 331: The property name _ExtentY in tabLists is invalid.
Line 332: The property name _Version in tabLists is invalid.
Line 347: The property name Tabs in tabLists is invalid.
Line 189: The property name _ExtentX in lstPlayers is invalid.
Line 190: The property name _ExtentY in lstPlayers is invalid.
Line 191: The property name View in lstPlayers is invalid.
Line 192: The property name LabelEdit in lstPlayers is invalid.
Line 193: The property name LabelWrap in lstPlayers is invalid.
Line 194: The property name HideSelection in lstPlayers is invalid.
Line 195: The property name AllowReorder in lstPlayers is invalid.
Line 196: The property name FullRowSelect in lstPlayers is invalid.
Line 197: The property name GridLines in lstPlayers is invalid.
Line 198: The property name _Version in lstPlayers is invalid.
Line 203: The property name NumItems in lstPlayers is invalid.
Line 207: The property name ColumnHeader(1) in lstPlayers is invalid.
Line 212: The property name ColumnHeader(2) in lstPlayers is invalid.
Line 217: The property name ColumnHeader(3) in lstPlayers is invalid.
Line 222: The property name ColumnHeader(4) in lstPlayers is invalid.
Line 227: The property name ColumnHeader(5) in lstPlayers is invalid.
Line 237: The property name _ExtentX in lstPlayers is invalid.
Line 238: The property name _ExtentY in lstPlayers is invalid.
Line 239: The property name View in lstPlayers is invalid.
Line 240: The property name LabelEdit in lstPlayers is invalid.
Line 241: The property name LabelWrap in lstPlayers is invalid.
Line 242: The property name HideSelection in lstPlayers is invalid.
Line 243: The property name AllowReorder in lstPlayers is invalid.
Line 244: The property name FullRowSelect in lstPlayers is invalid.
Line 245: The property name GridLines in lstPlayers is invalid.
Line 246: The property name _Version in lstPlayers is invalid.
Line 251: The property name NumItems in lstPlayers is invalid.
Line 255: The property name ColumnHeader(1) in lstPlayers is invalid.
Line 260: The property name ColumnHeader(2) in lstPlayers is invalid.
Line 265: The property name ColumnHeader(3) in lstPlayers is invalid.
Line 270: The property name ColumnHeader(4) in lstPlayers is invalid.
Line 279: The property name _ExtentX in lstPlayers is invalid.
Line 280: The property name _ExtentY in lstPlayers is invalid.
Line 281: The property name View in lstPlayers is invalid.
Line 282: The property name LabelEdit in lstPlayers is invalid.
Line 283: The property name LabelWrap in lstPlayers is invalid.
Line 284: The property name HideSelection in lstPlayers is invalid.
Line 285: The property name AllowReorder in lstPlayers is invalid.
Line 286: The property name FullRowSelect in lstPlayers is invalid.
Line 287: The property name GridLines in lstPlayers is invalid.
Line 288: The property name _Version in lstPlayers is invalid.
Line 293: The property name NumItems in lstPlayers is invalid.
Line 297: The property name ColumnHeader(1) in lstPlayers is invalid.
Line 302: The property name ColumnHeader(2) in lstPlayers is invalid.
Line 307: The property name ColumnHeader(3) in lstPlayers is invalid.
Line 312: The property name ColumnHeader(4) in lstPlayers is invalid.
Line 317: The property name ColumnHeader(5) in lstPlayers is invalid.
Line 322: The property name ColumnHeader(6) in lstPlayers is invalid.
Line 330: The property name _ExtentX in tabLists is invalid.
Line 331: The property name _ExtentY in tabLists is invalid.
Line 332: The property name _Version in tabLists is invalid.
Line 347: The property name Tabs in tabLists is invalid.
